#
# A fatal error has been detected by the Java Runtime Environment:
#
#  EXCEPTION_ACCESS_VIOLATION (0xc0000005) at pc=0x00007ffcc6a0ebe3, pid=9932, tid=13740
#
# JRE version: OpenJDK Runtime Environment (15.0.2+7) (build 15.0.2+7-27)
# Java VM: OpenJDK 64-Bit Server VM (15.0.2+7-27, mixed mode, sharing, tiered, compressed oops, g1 gc, windows-amd64)
# Problematic frame:
# V  [jvm.dll+0x2febe3]
#
# No core dump will be written. Minidumps are not enabled by default on client versions of Windows
#
# If you would like to submit a bug report, please visit:
#   https://bugreport.java.com/bugreport/crash.jsp
#

---------------  S U M M A R Y ------------

Command Line: -agentlib:jdwp=transport=dt_socket,address=127.0.0.1:52661,suspend=y,server=n -ea -Didea.test.cyclic.buffer.size=1048576 -javaagent:C:\Users\Ludwig\AppData\Local\JetBrains\IdeaIC2020.3\captureAgent\debugger-agent.jar -Dfile.encoding=UTF-8 com.intellij.rt.junit.JUnitStarter -ideVersion5 -junit5 @w@C:\Users\Ludwig\AppData\Local\Temp\idea_working_dirs_junit.tmp @C:\Users\Ludwig\AppData\Local\Temp\idea_junit.tmp

Host: AMD Ryzen 9 3900X 12-Core Processor            , 24 cores, 15G,  Windows 10 , 64 bit Build 19041 (10.0.19041.804)
Time: Thu Mar 11 12:49:28 2021 Mitteleuropäische Zeit elapsed time: 391.767108 seconds (0d 0h 6m 31s)

---------------  T H R E A D  ---------------

Current thread (0x00000282833b2be0):  JavaThread "JDWP Transport Listener: dt_socket" daemon [_thread_in_vm, id=13740, stack(0x000000c55bc00000,0x000000c55bd00000)] _threads_hazard_ptr=0x0000028283cc46d0

Stack: [0x000000c55bc00000,0x000000c55bd00000],  sp=0x000000c55bcfeda0,  free space=1019k
Native frames: (J=compiled Java code, j=interpreted, Vv=VM code, C=native code)
V  [jvm.dll+0x2febe3]
V  [jvm.dll+0x302a22]
V  [jvm.dll+0x302e3f]
V  [jvm.dll+0x2ff016]
V  [jvm.dll+0x619ec0]
V  [jvm.dll+0x619ba3]
V  [jvm.dll+0x5df278]
V  [jvm.dll+0x77876f]
V  [jvm.dll+0x4f02e1]
V  [jvm.dll+0x7882b5]
V  [jvm.dll+0x4d40ea]
V  [jvm.dll+0x49526b]
C  [jdwp.dll+0x796b]


siginfo: EXCEPTION_ACCESS_VIOLATION (0xc0000005), reading address 0xffffffffffffffff


Register to memory mapping:

RIP=0x00007ffcc6a0ebe3 jvm.dll
RAX=0x00000282833edfd0 points into unknown readable memory: 0x0840080001000001 | 01 00 00 01 00 08 40 08
RBX=0x000000c55bcfef70 is pointing into the stack for thread: 0x00000282833b2be0
RCX=0x000000c55bcfefe0 is pointing into the stack for thread: 0x00000282833b2be0
RDX=0xffffffffffffca44 is an unknown value
RSP=0x000000c55bcfeda0 is pointing into the stack for thread: 0x00000282833b2be0
RBP=0x00007ffcc6a0ebc0 jvm.dll
RSI=0x0 is NULL
RDI=0x000000c55bcfef70 is pointing into the stack for thread: 0x00000282833b2be0
R8 =0x03ffffffffffff29 is an unknown value
R9 =0x0000000000000004 is an unknown value
R10=0x00007ffcc6710000 jvm.dll
R11=0x00000282833edfd0 points into unknown readable memory: 0x0840080001000001 | 01 00 00 01 00 08 40 08
R12=0x00000000000083b0 is an unknown value
R13=0x0000000000000001 is an unknown value
R14=0x000000000000003e is an unknown value
R15=0x0000028282f13438 is pointing into metadata


Registers:
RAX=0x00000282833edfd0, RBX=0x000000c55bcfef70, RCX=0x000000c55bcfefe0, RDX=0xffffffffffffca44
RSP=0x000000c55bcfeda0, RBP=0x00007ffcc6a0ebc0, RSI=0x0000000000000000, RDI=0x000000c55bcfef70
R8 =0x03ffffffffffff29, R9 =0x0000000000000004, R10=0x00007ffcc6710000, R11=0x00000282833edfd0
R12=0x00000000000083b0, R13=0x0000000000000001, R14=0x000000000000003e, R15=0x0000028282f13438
RIP=0x00007ffcc6a0ebe3, EFLAGS=0x0000000000010212

Top of Stack: (sp=0x000000c55bcfeda0)
0x000000c55bcfeda0:   000000000000002d 00000282833d3150
0x000000c55bcfedb0:   0000000000000000 00007ffcc6a24424
0x000000c55bcfedc0:   000000c55bcfee40 00007ffcc6a12a22
0x000000c55bcfedd0:   000000c55bcfee50 000002828338f970
0x000000c55bcfede0:   000000c55bcfee40 00007ffcc6819d9e
0x000000c55bcfedf0:   0000028282f13538 0000000000000010
0x000000c55bcfee00:   0000028282f134ae 00000000000000a2
0x000000c55bcfee10:   00000000000000a2 00007ffcc6a12e3f
0x000000c55bcfee20:   000000c55bcfef70 000000c55bcfee70
0x000000c55bcfee30:   000000000000003e 000000c55bcfee70
0x000000c55bcfee40:   0000028282f13538 00000282833b2be0
0x000000c55bcfee50:   000000410000003e 000000a200000073
0x000000c55bcfee60:   0000007300000000 ffffffff000000a2
0x000000c55bcfee70:   0000000000000000 00000000000003d8
0x000000c55bcfee80:   00000000000083b0 00000282833edf80
0x000000c55bcfee90:   00000282833b2be0 00007ffcc6a0f016 

Instructions: (pc=0x00007ffcc6a0ebe3)
0x00007ffcc6a0eae3:   f8 4c 63 fa 4c 8b f1 48 85 db 74 12 90 39 3b 0f
0x00007ffcc6a0eaf3:   84 9b 00 00 00 48 8b 5b 10 48 85 db 75 ef 33 d2
0x00007ffcc6a0eb03:   8d 4a 18 e8 a5 3c 38 00 48 8b d8 48 85 c0 74 79
0x00007ffcc6a0eb13:   33 d2 48 89 6c 24 48 49 8b 2e 48 89 74 24 50 89
0x00007ffcc6a0eb23:   38 8d 4a 20 e8 84 3c 38 00 33 ff 48 8b f0 48 85
0x00007ffcc6a0eb33:   c0 74 3f 8b 0d 8c de 6f 00 8d 57 08 89 48 04 48
0x00007ffcc6a0eb43:   8b c8 89 38 c7 40 10 08 00 00 00 48 89 78 08 e8
0x00007ffcc6a0eb53:   e9 51 01 00 48 89 46 18 39 7e 04 7e 18 48 8b 46
0x00007ffcc6a0eb63:   18 33 d2 8b cf ff c7 48 89 14 c8 3b 7e 04 7c ed
0x00007ffcc6a0eb73:   eb 03 48 8b f7 48 89 73 08 48 8b 74 24 50 48 89
0x00007ffcc6a0eb83:   6b 10 48 8b 6c 24 48 eb 04 33 ff 8b df 49 89 1e
0x00007ffcc6a0eb93:   48 8b 4b 08 48 8d 54 24 40 4c 89 7c 24 40 e8 da
0x00007ffcc6a0eba3:   47 da ff 48 8b 5c 24 58 48 83 c4 20 41 5f 41 5e
0x00007ffcc6a0ebb3:   5f c3 cc cc cc cc cc cc cc cc cc cc cc 40 53 48
0x00007ffcc6a0ebc3:   83 ec 20 48 63 d2 48 8b d9 0f b6 c2 48 83 c1 70
0x00007ffcc6a0ebd3:   24 3f 4c 8b c2 44 0f b6 c8 49 c1 e8 06 48 8b 01
0x00007ffcc6a0ebe3:   4e 8b 04 c0 4d 0f a3 c8 72 0b 41 b0 01 e8 7b 7d
0x00007ffcc6a0ebf3:   df ff ff 43 6c 48 83 c4 20 5b c3 cc cc 8b c2 4c
0x00007ffcc6a0ec03:   8b d1 41 33 c0 a9 00 00 00 f0 0f 84 ca 00 00 00
0x00007ffcc6a0ec13:   44 8b ca 8b c2 41 c1 e9 1d b9 72 00 00 00 41 80
0x00007ffcc6a0ec23:   e1 01 c1 e8 1e 44 8d 59 ae a8 01 74 1a 45 84 c9
0x00007ffcc6a0ec33:   75 0d c1 ea 1c f6 c2 01 75 05 44 8b c9 eb 35 41
0x00007ffcc6a0ec43:   b9 23 00 00 00 eb 2d 45 84 c9 74 08 41 b9 76 00
0x00007ffcc6a0ec53:   00 00 eb 20 8b c2 c1 e8 1c a8 01 74 08 41 b9 70
0x00007ffcc6a0ec63:   00 00 00 eb 0f c1 ea 1f 41 b9 40 00 00 00 84 d2
0x00007ffcc6a0ec73:   45 0f 45 cb 41 8b d0 41 8b c0 c1 ea 1d 80 e2 01
0x00007ffcc6a0ec83:   c1 e8 1e a8 01 74 15 84 d2 75 0a 41 c1 e8 1c 41
0x00007ffcc6a0ec93:   f6 c0 01 74 33 b9 23 00 00 00 eb 2c 84 d2 74 07
0x00007ffcc6a0eca3:   b9 76 00 00 00 eb 21 41 8b c0 c1 e8 1c a8 01 74
0x00007ffcc6a0ecb3:   07 b9 70 00 00 00 eb 10 41 c1 e8 1f b9 40 00 00
0x00007ffcc6a0ecc3:   00 45 84 c0 41 0f 45 cb 44 8b c1 48 8d 15 83 03
0x00007ffcc6a0ecd3:   59 00 49 8b ca e9 b3 56 00 00 c3 cc cc 40 53 48 


Stack slot to memory mapping:
stack at sp + 0 slots: 0x000000000000002d is an unknown value
stack at sp + 1 slots: 0x00000282833d3150 points into unknown readable memory: 0x00000282833b2be0 | e0 2b 3b 83 82 02 00 00
stack at sp + 2 slots: 0x0 is NULL
stack at sp + 3 slots: 0x00007ffcc6a24424 jvm.dll
stack at sp + 4 slots: 0x000000c55bcfee40 is pointing into the stack for thread: 0x00000282833b2be0
stack at sp + 5 slots: 0x00007ffcc6a12a22 jvm.dll
stack at sp + 6 slots: 0x000000c55bcfee50 is pointing into the stack for thread: 0x00000282833b2be0
stack at sp + 7 slots: 0x000002828338f970 points into unknown readable memory: 0x0000000000000000 | 00 00 00 00 00 00 00 00


---------------  P R O C E S S  ---------------

Threads class SMR info:
_java_thread_list=0x0000028283cc46d0, length=14, elements={
0x00000282ddb22930, 0x0000028282956a20, 0x00000282829575f0, 0x000002828296bb10,
0x000002828296e5d0, 0x00000282831f20a0, 0x00000282831f3e90, 0x00000282832016a0,
0x0000028283204bd0, 0x00000282831f0380, 0x00000282833b2be0, 0x00000282833d44e0,
0x00000282833d49d0, 0x0000028283549aa0
}

Java Threads: ( => current thread )
  0x00000282ddb22930 JavaThread "main" [_thread_blocked, id=5172, stack(0x000000c55aa00000,0x000000c55ab00000)]
  0x0000028282956a20 JavaThread "Reference Handler" daemon [_thread_blocked, id=14952, stack(0x000000c55b100000,0x000000c55b200000)]
  0x00000282829575f0 JavaThread "Finalizer" daemon [_thread_blocked, id=15632, stack(0x000000c55b200000,0x000000c55b300000)]
  0x000002828296bb10 JavaThread "Signal Dispatcher" daemon [_thread_blocked, id=12272, stack(0x000000c55b300000,0x000000c55b400000)]
  0x000002828296e5d0 JavaThread "Attach Listener" daemon [_thread_blocked, id=14584, stack(0x000000c55b400000,0x000000c55b500000)]
  0x00000282831f20a0 JavaThread "Service Thread" daemon [_thread_blocked, id=4536, stack(0x000000c55b500000,0x000000c55b600000)]
  0x00000282831f3e90 JavaThread "C2 CompilerThread0" daemon [_thread_blocked, id=1168, stack(0x000000c55b600000,0x000000c55b700000)]
  0x00000282832016a0 JavaThread "C1 CompilerThread0" daemon [_thread_blocked, id=15412, stack(0x000000c55b700000,0x000000c55b800000)]
  0x0000028283204bd0 JavaThread "Sweeper thread" daemon [_thread_blocked, id=16220, stack(0x000000c55b800000,0x000000c55b900000)]
  0x00000282831f0380 JavaThread "Common-Cleaner" daemon [_thread_blocked, id=308, stack(0x000000c55b900000,0x000000c55ba00000)]
=>0x00000282833b2be0 JavaThread "JDWP Transport Listener: dt_socket" daemon [_thread_in_vm, id=13740, stack(0x000000c55bc00000,0x000000c55bd00000)]
  0x00000282833d44e0 JavaThread "JDWP Event Helper Thread" daemon [_thread_blocked, id=16548, stack(0x000000c55bd00000,0x000000c55be00000)]
  0x00000282833d49d0 JavaThread "JDWP Command Reader" daemon [_thread_in_native, id=16472, stack(0x000000c55be00000,0x000000c55bf00000)]
  0x0000028283549aa0 JavaThread "Notification Thread" daemon [_thread_blocked, id=8888, stack(0x000000c55bf00000,0x000000c55c000000)]

Other Threads:
  0x000002828294c160 VMThread "VM Thread" [stack: 0x000000c55b000000,0x000000c55b100000] [id=16736]
  0x000002828351e990 WatcherThread [stack: 0x000000c55c000000,0x000000c55c100000] [id=10788]
  0x00000282ddb7add0 GCTaskThread "GC Thread#0" [stack: 0x000000c55ab00000,0x000000c55ac00000] [id=752]
  0x00000282ddb8de30 ConcurrentGCThread "G1 Main Marker" [stack: 0x000000c55ac00000,0x000000c55ad00000] [id=5416]
  0x00000282ddb8f1c0 ConcurrentGCThread "G1 Conc#0" [stack: 0x000000c55ad00000,0x000000c55ae00000] [id=16648]
  0x0000028282847490 ConcurrentGCThread "G1 Refine#0" [stack: 0x000000c55ae00000,0x000000c55af00000] [id=16792]
  0x0000028282848090 ConcurrentGCThread "G1 Young RemSet Sampling" [stack: 0x000000c55af00000,0x000000c55b000000] [id=15468]

Threads with active compile tasks:

VM state: not at safepoint (normal execution)

VM Mutex/Monitor currently owned by a thread: None

Heap address: 0x0000000701000000, size: 4080 MB, Compressed Oops mode: Zero based, Oop shift amount: 3
CDS archive(s) mapped at: [0x0000000800000000-0x0000000800b50000-0x0000000800b50000), size 11862016, SharedBaseAddress: 0x0000000800000000, ArchiveRelocationMode: 0.
Compressed class space mapped at: 0x0000000800b50000-0x0000000840b50000, size: 1073741824
Narrow klass base: 0x0000000800000000, Narrow klass shift: 3, Narrow klass range: 0x100000000

GC Precious Log:
 CPUs: 24 total, 24 available
 Memory: 16313M
 Large Page Support: Disabled
 NUMA Support: Disabled
 Compressed Oops: Enabled (Zero based)
 Heap Region Size: 2M
 Heap Min Capacity: 8M
 Heap Initial Capacity: 256M
 Heap Max Capacity: 4080M
 Pre-touch: Disabled
 Parallel Workers: 18
 Concurrent Workers: 5
 Concurrent Refinement Workers: 18
 Periodic GC: Disabled

Heap:
 garbage-first heap   total 262144K, used 16384K [0x0000000701000000, 0x0000000800000000)
  region size 2048K, 9 young (18432K), 0 survivors (0K)
 Metaspace       used 4141K, capacity 6547K, committed 6656K, reserved 1056768K
  class space    used 519K, capacity 755K, committed 768K, reserved 1048576K

Heap Regions: E=young(eden), S=young(survivor), O=old, HS=humongous(starts), HC=humongous(continues), CS=collection set, F=free, OA=open archive, CA=closed archive, TAMS=top-at-mark-start (previous, next)
|   0|0x0000000701000000, 0x0000000701000000, 0x0000000701200000|  0%| F|  |TAMS 0x0000000701000000, 0x0000000701000000| Untracked 
|   1|0x0000000701200000, 0x0000000701200000, 0x0000000701400000|  0%| F|  |TAMS 0x0000000701200000, 0x0000000701200000| Untracked 
|   2|0x0000000701400000, 0x0000000701400000, 0x0000000701600000|  0%| F|  |TAMS 0x0000000701400000, 0x0000000701400000| Untracked 
|   3|0x0000000701600000, 0x0000000701600000, 0x0000000701800000|  0%| F|  |TAMS 0x0000000701600000, 0x0000000701600000| Untracked 
|   4|0x0000000701800000, 0x0000000701800000, 0x0000000701a00000|  0%| F|  |TAMS 0x0000000701800000, 0x0000000701800000| Untracked 
|   5|0x0000000701a00000, 0x0000000701a00000, 0x0000000701c00000|  0%| F|  |TAMS 0x0000000701a00000, 0x0000000701a00000| Untracked 
|   6|0x0000000701c00000, 0x0000000701c00000, 0x0000000701e00000|  0%| F|  |TAMS 0x0000000701c00000, 0x0000000701c00000| Untracked 
|   7|0x0000000701e00000, 0x0000000701e00000, 0x0000000702000000|  0%| F|  |TAMS 0x0000000701e00000, 0x0000000701e00000| Untracked 
|   8|0x0000000702000000, 0x0000000702000000, 0x0000000702200000|  0%| F|  |TAMS 0x0000000702000000, 0x0000000702000000| Untracked 
|   9|0x0000000702200000, 0x0000000702200000, 0x0000000702400000|  0%| F|  |TAMS 0x0000000702200000, 0x0000000702200000| Untracked 
|  10|0x0000000702400000, 0x0000000702400000, 0x0000000702600000|  0%| F|  |TAMS 0x0000000702400000, 0x0000000702400000| Untracked 
|  11|0x0000000702600000, 0x0000000702600000, 0x0000000702800000|  0%| F|  |TAMS 0x0000000702600000, 0x0000000702600000| Untracked 
|  12|0x0000000702800000, 0x0000000702800000, 0x0000000702a00000|  0%| F|  |TAMS 0x0000000702800000, 0x0000000702800000| Untracked 
|  13|0x0000000702a00000, 0x0000000702a00000, 0x0000000702c00000|  0%| F|  |TAMS 0x0000000702a00000, 0x0000000702a00000| Untracked 
|  14|0x0000000702c00000, 0x0000000702c00000, 0x0000000702e00000|  0%| F|  |TAMS 0x0000000702c00000, 0x0000000702c00000| Untracked 
|  15|0x0000000702e00000, 0x0000000702e00000, 0x0000000703000000|  0%| F|  |TAMS 0x0000000702e00000, 0x0000000702e00000| Untracked 
|  16|0x0000000703000000, 0x0000000703000000, 0x0000000703200000|  0%| F|  |TAMS 0x0000000703000000, 0x0000000703000000| Untracked 
|  17|0x0000000703200000, 0x0000000703200000, 0x0000000703400000|  0%| F|  |TAMS 0x0000000703200000, 0x0000000703200000| Untracked 
|  18|0x0000000703400000, 0x0000000703400000, 0x0000000703600000|  0%| F|  |TAMS 0x0000000703400000, 0x0000000703400000| Untracked 
|  19|0x0000000703600000, 0x0000000703600000, 0x0000000703800000|  0%| F|  |TAMS 0x0000000703600000, 0x0000000703600000| Untracked 
|  20|0x0000000703800000, 0x0000000703800000, 0x0000000703a00000|  0%| F|  |TAMS 0x0000000703800000, 0x0000000703800000| Untracked 
|  21|0x0000000703a00000, 0x0000000703a00000, 0x0000000703c00000|  0%| F|  |TAMS 0x0000000703a00000, 0x0000000703a00000| Untracked 
|  22|0x0000000703c00000, 0x0000000703c00000, 0x0000000703e00000|  0%| F|  |TAMS 0x0000000703c00000, 0x0000000703c00000| Untracked 
|  23|0x0000000703e00000, 0x0000000703e00000, 0x0000000704000000|  0%| F|  |TAMS 0x0000000703e00000, 0x0000000703e00000| Untracked 
|  24|0x0000000704000000, 0x0000000704000000, 0x0000000704200000|  0%| F|  |TAMS 0x0000000704000000, 0x0000000704000000| Untracked 
|  25|0x0000000704200000, 0x0000000704200000, 0x0000000704400000|  0%| F|  |TAMS 0x0000000704200000, 0x0000000704200000| Untracked 
|  26|0x0000000704400000, 0x0000000704400000, 0x0000000704600000|  0%| F|  |TAMS 0x0000000704400000, 0x0000000704400000| Untracked 
|  27|0x0000000704600000, 0x0000000704600000, 0x0000000704800000|  0%| F|  |TAMS 0x0000000704600000, 0x0000000704600000| Untracked 
|  28|0x0000000704800000, 0x0000000704800000, 0x0000000704a00000|  0%| F|  |TAMS 0x0000000704800000, 0x0000000704800000| Untracked 
|  29|0x0000000704a00000, 0x0000000704a00000, 0x0000000704c00000|  0%| F|  |TAMS 0x0000000704a00000, 0x0000000704a00000| Untracked 
|  30|0x0000000704c00000, 0x0000000704c00000, 0x0000000704e00000|  0%| F|  |TAMS 0x0000000704c00000, 0x0000000704c00000| Untracked 
|  31|0x0000000704e00000, 0x0000000704e00000, 0x0000000705000000|  0%| F|  |TAMS 0x0000000704e00000, 0x0000000704e00000| Untracked 
|  32|0x0000000705000000, 0x0000000705000000, 0x0000000705200000|  0%| F|  |TAMS 0x0000000705000000, 0x0000000705000000| Untracked 
|  33|0x0000000705200000, 0x0000000705200000, 0x0000000705400000|  0%| F|  |TAMS 0x0000000705200000, 0x0000000705200000| Untracked 
|  34|0x0000000705400000, 0x0000000705400000, 0x0000000705600000|  0%| F|  |TAMS 0x0000000705400000, 0x0000000705400000| Untracked 
|  35|0x0000000705600000, 0x0000000705600000, 0x0000000705800000|  0%| F|  |TAMS 0x0000000705600000, 0x0000000705600000| Untracked 
|  36|0x0000000705800000, 0x0000000705800000, 0x0000000705a00000|  0%| F|  |TAMS 0x0000000705800000, 0x0000000705800000| Untracked 
|  37|0x0000000705a00000, 0x0000000705a00000, 0x0000000705c00000|  0%| F|  |TAMS 0x0000000705a00000, 0x0000000705a00000| Untracked 
|  38|0x0000000705c00000, 0x0000000705c00000, 0x0000000705e00000|  0%| F|  |TAMS 0x0000000705c00000, 0x0000000705c00000| Untracked 
|  39|0x0000000705e00000, 0x0000000705e00000, 0x0000000706000000|  0%| F|  |TAMS 0x0000000705e00000, 0x0000000705e00000| Untracked 
|  40|0x0000000706000000, 0x0000000706000000, 0x0000000706200000|  0%| F|  |TAMS 0x0000000706000000, 0x0000000706000000| Untracked 
|  41|0x0000000706200000, 0x0000000706200000, 0x0000000706400000|  0%| F|  |TAMS 0x0000000706200000, 0x0000000706200000| Untracked 
|  42|0x0000000706400000, 0x0000000706400000, 0x0000000706600000|  0%| F|  |TAMS 0x0000000706400000, 0x0000000706400000| Untracked 
|  43|0x0000000706600000, 0x0000000706600000, 0x0000000706800000|  0%| F|  |TAMS 0x0000000706600000, 0x0000000706600000| Untracked 
|  44|0x0000000706800000, 0x0000000706800000, 0x0000000706a00000|  0%| F|  |TAMS 0x0000000706800000, 0x0000000706800000| Untracked 
|  45|0x0000000706a00000, 0x0000000706a00000, 0x0000000706c00000|  0%| F|  |TAMS 0x0000000706a00000, 0x0000000706a00000| Untracked 
|  46|0x0000000706c00000, 0x0000000706c00000, 0x0000000706e00000|  0%| F|  |TAMS 0x0000000706c00000, 0x0000000706c00000| Untracked 
|  47|0x0000000706e00000, 0x0000000706e00000, 0x0000000707000000|  0%| F|  |TAMS 0x0000000706e00000, 0x0000000706e00000| Untracked 
|  48|0x0000000707000000, 0x0000000707000000, 0x0000000707200000|  0%| F|  |TAMS 0x0000000707000000, 0x0000000707000000| Untracked 
|  49|0x0000000707200000, 0x0000000707200000, 0x0000000707400000|  0%| F|  |TAMS 0x0000000707200000, 0x0000000707200000| Untracked 
|  50|0x0000000707400000, 0x0000000707400000, 0x0000000707600000|  0%| F|  |TAMS 0x0000000707400000, 0x0000000707400000| Untracked 
|  51|0x0000000707600000, 0x0000000707600000, 0x0000000707800000|  0%| F|  |TAMS 0x0000000707600000, 0x0000000707600000| Untracked 
|  52|0x0000000707800000, 0x0000000707800000, 0x0000000707a00000|  0%| F|  |TAMS 0x0000000707800000, 0x0000000707800000| Untracked 
|  53|0x0000000707a00000, 0x0000000707a00000, 0x0000000707c00000|  0%| F|  |TAMS 0x0000000707a00000, 0x0000000707a00000| Untracked 
|  54|0x0000000707c00000, 0x0000000707c00000, 0x0000000707e00000|  0%| F|  |TAMS 0x0000000707c00000, 0x0000000707c00000| Untracked 
|  55|0x0000000707e00000, 0x0000000707e00000, 0x0000000708000000|  0%| F|  |TAMS 0x0000000707e00000, 0x0000000707e00000| Untracked 
|  56|0x0000000708000000, 0x0000000708000000, 0x0000000708200000|  0%| F|  |TAMS 0x0000000708000000, 0x0000000708000000| Untracked 
|  57|0x0000000708200000, 0x0000000708200000, 0x0000000708400000|  0%| F|  |TAMS 0x0000000708200000, 0x0000000708200000| Untracked 
|  58|0x0000000708400000, 0x0000000708400000, 0x0000000708600000|  0%| F|  |TAMS 0x0000000708400000, 0x0000000708400000| Untracked 
|  59|0x0000000708600000, 0x0000000708600000, 0x0000000708800000|  0%| F|  |TAMS 0x0000000708600000, 0x0000000708600000| Untracked 
|  60|0x0000000708800000, 0x0000000708800000, 0x0000000708a00000|  0%| F|  |TAMS 0x0000000708800000, 0x0000000708800000| Untracked 
|  61|0x0000000708a00000, 0x0000000708a00000, 0x0000000708c00000|  0%| F|  |TAMS 0x0000000708a00000, 0x0000000708a00000| Untracked 
|  62|0x0000000708c00000, 0x0000000708c00000, 0x0000000708e00000|  0%| F|  |TAMS 0x0000000708c00000, 0x0000000708c00000| Untracked 
|  63|0x0000000708e00000, 0x0000000708e00000, 0x0000000709000000|  0%| F|  |TAMS 0x0000000708e00000, 0x0000000708e00000| Untracked 
|  64|0x0000000709000000, 0x0000000709000000, 0x0000000709200000|  0%| F|  |TAMS 0x0000000709000000, 0x0000000709000000| Untracked 
|  65|0x0000000709200000, 0x0000000709200000, 0x0000000709400000|  0%| F|  |TAMS 0x0000000709200000, 0x0000000709200000| Untracked 
|  66|0x0000000709400000, 0x0000000709400000, 0x0000000709600000|  0%| F|  |TAMS 0x0000000709400000, 0x0000000709400000| Untracked 
|  67|0x0000000709600000, 0x0000000709600000, 0x0000000709800000|  0%| F|  |TAMS 0x0000000709600000, 0x0000000709600000| Untracked 
|  68|0x0000000709800000, 0x0000000709800000, 0x0000000709a00000|  0%| F|  |TAMS 0x0000000709800000, 0x0000000709800000| Untracked 
|  69|0x0000000709a00000, 0x0000000709a00000, 0x0000000709c00000|  0%| F|  |TAMS 0x0000000709a00000, 0x0000000709a00000| Untracked 
|  70|0x0000000709c00000, 0x0000000709c00000, 0x0000000709e00000|  0%| F|  |TAMS 0x0000000709c00000, 0x0000000709c00000| Untracked 
|  71|0x0000000709e00000, 0x0000000709e00000, 0x000000070a000000|  0%| F|  |TAMS 0x0000000709e00000, 0x0000000709e00000| Untracked 
|  72|0x000000070a000000, 0x000000070a000000, 0x000000070a200000|  0%| F|  |TAMS 0x000000070a000000, 0x000000070a000000| Untracked 
|  73|0x000000070a200000, 0x000000070a200000, 0x000000070a400000|  0%| F|  |TAMS 0x000000070a200000, 0x000000070a200000| Untracked 
|  74|0x000000070a400000, 0x000000070a400000, 0x000000070a600000|  0%| F|  |TAMS 0x000000070a400000, 0x000000070a400000| Untracked 
|  75|0x000000070a600000, 0x000000070a600000, 0x000000070a800000|  0%| F|  |TAMS 0x000000070a600000, 0x000000070a600000| Untracked 
|  76|0x000000070a800000, 0x000000070a800000, 0x000000070aa00000|  0%| F|  |TAMS 0x000000070a800000, 0x000000070a800000| Untracked 
|  77|0x000000070aa00000, 0x000000070aa00000, 0x000000070ac00000|  0%| F|  |TAMS 0x000000070aa00000, 0x000000070aa00000| Untracked 
|  78|0x000000070ac00000, 0x000000070ac00000, 0x000000070ae00000|  0%| F|  |TAMS 0x000000070ac00000, 0x000000070ac00000| Untracked 
|  79|0x000000070ae00000, 0x000000070ae00000, 0x000000070b000000|  0%| F|  |TAMS 0x000000070ae00000, 0x000000070ae00000| Untracked 
|  80|0x000000070b000000, 0x000000070b000000, 0x000000070b200000|  0%| F|  |TAMS 0x000000070b000000, 0x000000070b000000| Untracked 
|  81|0x000000070b200000, 0x000000070b200000, 0x000000070b400000|  0%| F|  |TAMS 0x000000070b200000, 0x000000070b200000| Untracked 
|  82|0x000000070b400000, 0x000000070b400000, 0x000000070b600000|  0%| F|  |TAMS 0x000000070b400000, 0x000000070b400000| Untracked 
|  83|0x000000070b600000, 0x000000070b600000, 0x000000070b800000|  0%| F|  |TAMS 0x000000070b600000, 0x000000070b600000| Untracked 
|  84|0x000000070b800000, 0x000000070b800000, 0x000000070ba00000|  0%| F|  |TAMS 0x000000070b800000, 0x000000070b800000| Untracked 
|  85|0x000000070ba00000, 0x000000070ba00000, 0x000000070bc00000|  0%| F|  |TAMS 0x000000070ba00000, 0x000000070ba00000| Untracked 
|  86|0x000000070bc00000, 0x000000070bc00000, 0x000000070be00000|  0%| F|  |TAMS 0x000000070bc00000, 0x000000070bc00000| Untracked 
|  87|0x000000070be00000, 0x000000070be00000, 0x000000070c000000|  0%| F|  |TAMS 0x000000070be00000, 0x000000070be00000| Untracked 
|  88|0x000000070c000000, 0x000000070c000000, 0x000000070c200000|  0%| F|  |TAMS 0x000000070c000000, 0x000000070c000000| Untracked 
|  89|0x000000070c200000, 0x000000070c200000, 0x000000070c400000|  0%| F|  |TAMS 0x000000070c200000, 0x000000070c200000| Untracked 
|  90|0x000000070c400000, 0x000000070c400000, 0x000000070c600000|  0%| F|  |TAMS 0x000000070c400000, 0x000000070c400000| Untracked 
|  91|0x000000070c600000, 0x000000070c600000, 0x000000070c800000|  0%| F|  |TAMS 0x000000070c600000, 0x000000070c600000| Untracked 
|  92|0x000000070c800000, 0x000000070c800000, 0x000000070ca00000|  0%| F|  |TAMS 0x000000070c800000, 0x000000070c800000| Untracked 
|  93|0x000000070ca00000, 0x000000070ca00000, 0x000000070cc00000|  0%| F|  |TAMS 0x000000070ca00000, 0x000000070ca00000| Untracked 
|  94|0x000000070cc00000, 0x000000070cc00000, 0x000000070ce00000|  0%| F|  |TAMS 0x000000070cc00000, 0x000000070cc00000| Untracked 
|  95|0x000000070ce00000, 0x000000070ce00000, 0x000000070d000000|  0%| F|  |TAMS 0x000000070ce00000, 0x000000070ce00000| Untracked 
|  96|0x000000070d000000, 0x000000070d000000, 0x000000070d200000|  0%| F|  |TAMS 0x000000070d000000, 0x000000070d000000| Untracked 
|  97|0x000000070d200000, 0x000000070d200000, 0x000000070d400000|  0%| F|  |TAMS 0x000000070d200000, 0x000000070d200000| Untracked 
|  98|0x000000070d400000, 0x000000070d400000, 0x000000070d600000|  0%| F|  |TAMS 0x000000070d400000, 0x000000070d400000| Untracked 
|  99|0x000000070d600000, 0x000000070d600000, 0x000000070d800000|  0%| F|  |TAMS 0x000000070d600000, 0x000000070d600000| Untracked 
| 100|0x000000070d800000, 0x000000070d800000, 0x000000070da00000|  0%| F|  |TAMS 0x000000070d800000, 0x000000070d800000| Untracked 
| 101|0x000000070da00000, 0x000000070da00000, 0x000000070dc00000|  0%| F|  |TAMS 0x000000070da00000, 0x000000070da00000| Untracked 
| 102|0x000000070dc00000, 0x000000070dc00000, 0x000000070de00000|  0%| F|  |TAMS 0x000000070dc00000, 0x000000070dc00000| Untracked 
| 103|0x000000070de00000, 0x000000070de00000, 0x000000070e000000|  0%| F|  |TAMS 0x000000070de00000, 0x000000070de00000| Untracked 
| 104|0x000000070e000000, 0x000000070e000000, 0x000000070e200000|  0%| F|  |TAMS 0x000000070e000000, 0x000000070e000000| Untracked 
| 105|0x000000070e200000, 0x000000070e200000, 0x000000070e400000|  0%| F|  |TAMS 0x000000070e200000, 0x000000070e200000| Untracked 
| 106|0x000000070e400000, 0x000000070e400000, 0x000000070e600000|  0%| F|  |TAMS 0x000000070e400000, 0x000000070e400000| Untracked 
| 107|0x000000070e600000, 0x000000070e600000, 0x000000070e800000|  0%| F|  |TAMS 0x000000070e600000, 0x000000070e600000| Untracked 
| 108|0x000000070e800000, 0x000000070e800000, 0x000000070ea00000|  0%| F|  |TAMS 0x000000070e800000, 0x000000070e800000| Untracked 
| 109|0x000000070ea00000, 0x000000070ea00000, 0x000000070ec00000|  0%| F|  |TAMS 0x000000070ea00000, 0x000000070ea00000| Untracked 
| 110|0x000000070ec00000, 0x000000070ec00000, 0x000000070ee00000|  0%| F|  |TAMS 0x000000070ec00000, 0x000000070ec00000| Untracked 
| 111|0x000000070ee00000, 0x000000070ee00000, 0x000000070f000000|  0%| F|  |TAMS 0x000000070ee00000, 0x000000070ee00000| Untracked 
| 112|0x000000070f000000, 0x000000070f000000, 0x000000070f200000|  0%| F|  |TAMS 0x000000070f000000, 0x000000070f000000| Untracked 
| 113|0x000000070f200000, 0x000000070f200000, 0x000000070f400000|  0%| F|  |TAMS 0x000000070f200000, 0x000000070f200000| Untracked 
| 114|0x000000070f400000, 0x000000070f400000, 0x000000070f600000|  0%| F|  |TAMS 0x000000070f400000, 0x000000070f400000| Untracked 
| 115|0x000000070f600000, 0x000000070f600000, 0x000000070f800000|  0%| F|  |TAMS 0x000000070f600000, 0x000000070f600000| Untracked 
| 116|0x000000070f800000, 0x000000070f800000, 0x000000070fa00000|  0%| F|  |TAMS 0x000000070f800000, 0x000000070f800000| Untracked 
| 117|0x000000070fa00000, 0x000000070fa00000, 0x000000070fc00000|  0%| F|  |TAMS 0x000000070fa00000, 0x000000070fa00000| Untracked 
| 118|0x000000070fc00000, 0x000000070fc00000, 0x000000070fe00000|  0%| F|  |TAMS 0x000000070fc00000, 0x000000070fc00000| Untracked 
| 119|0x000000070fe00000, 0x000000070ffc6040, 0x0000000710000000| 88%| E|  |TAMS 0x000000070fe00000, 0x000000070fe00000| Complete 
| 120|0x0000000710000000, 0x0000000710200000, 0x0000000710200000|100%| E|CS|TAMS 0x0000000710000000, 0x0000000710000000| Complete 
| 121|0x0000000710200000, 0x0000000710400000, 0x0000000710400000|100%| E|CS|TAMS 0x0000000710200000, 0x0000000710200000| Complete 
| 122|0x0000000710400000, 0x0000000710600000, 0x0000000710600000|100%| E|CS|TAMS 0x0000000710400000, 0x0000000710400000| Complete 
| 123|0x0000000710600000, 0x0000000710800000, 0x0000000710800000|100%| E|CS|TAMS 0x0000000710600000, 0x0000000710600000| Complete 
| 124|0x0000000710800000, 0x0000000710a00000, 0x0000000710a00000|100%| E|CS|TAMS 0x0000000710800000, 0x0000000710800000| Complete 
| 125|0x0000000710a00000, 0x0000000710c00000, 0x0000000710c00000|100%| E|CS|TAMS 0x0000000710a00000, 0x0000000710a00000| Complete 
| 126|0x0000000710c00000, 0x0000000710e00000, 0x0000000710e00000|100%| E|CS|TAMS 0x0000000710c00000, 0x0000000710c00000| Complete 
| 127|0x0000000710e00000, 0x0000000711000000, 0x0000000711000000|100%| E|CS|TAMS 0x0000000710e00000, 0x0000000710e00000| Complete 

Card table byte_map: [0x00000282f6330000,0x00000282f6b30000] _byte_map_base: 0x00000282f2b28000

Marking Bits (Prev, Next): (CMBitMap*) 0x00000282ddb7b5c0, (CMBitMap*) 0x00000282ddb7b600
 Prev Bits: [0x00000282f7330000, 0x00000282fb2f0000)
 Next Bits: [0x00000282fb2f0000, 0x00000282ff2b0000)

Polling page: 0x00000282db9d0000

Metaspace:

Usage:
  Non-class:      5.66 MB capacity,     3.54 MB ( 63%) used,     2.11 MB ( 37%) free+waste,     6.31 KB ( <1%) overhead. 
      Class:    755.00 KB capacity,   519.95 KB ( 69%) used,   231.67 KB ( 31%) free+waste,     3.38 KB ( <1%) overhead. 
       Both:      6.39 MB capacity,     4.04 MB ( 63%) used,     2.34 MB ( 37%) free+waste,     9.69 KB ( <1%) overhead. 

Virtual space:
  Non-class space:        8.00 MB reserved,       5.75 MB ( 72%) committed 
      Class space:        1.00 GB reserved,     768.00 KB ( <1%) committed 
             Both:        1.01 GB reserved,       6.50 MB ( <1%) committed 

Chunk freelists:
   Non-Class:  32.00 KB
       Class:  13.00 KB
        Both:  45.00 KB

MaxMetaspaceSize: 17179869184.00 GB
CompressedClassSpaceSize: 1.00 GB

CodeHeap 'non-profiled nmethods': size=119168Kb used=304Kb max_used=304Kb free=118863Kb
 bounds [0x00000282ed900000, 0x00000282edb70000, 0x00000282f4d60000]
CodeHeap 'profiled nmethods': size=119104Kb used=2220Kb max_used=2220Kb free=116883Kb
 bounds [0x00000282e64b0000, 0x00000282e6720000, 0x00000282ed900000]
CodeHeap 'non-nmethods': size=7488Kb used=1235Kb max_used=2381Kb free=6252Kb
 bounds [0x00000282e5d60000, 0x00000282e5fd0000, 0x00000282e64b0000]
 total_blobs=1524 nmethods=1123 adapters=314
 compilation: enabled
              stopped_count=0, restarted_count=0
 full_count=0

Compilation events (20 events):
Event: 0.410 Thread 0x0000028283324e00 1115       3       java.lang.StringLatin1::toBytes (9 bytes)
Event: 0.410 Thread 0x00000282832016a0 1116       3       java.lang.Character::toString (5 bytes)
Event: 0.410 Thread 0x0000028283324e00 nmethod 1115 0x00000282e66d8a90 code [0x00000282e66d8c20, 0x00000282e66d8db8]
Event: 0.410 Thread 0x0000028283324e00 1117       3       java.util.Arrays::copyOf (10 bytes)
Event: 0.410 Thread 0x00000282832016a0 nmethod 1116 0x00000282e66d8e90 code [0x00000282e66d9020, 0x00000282e66d9128]
Event: 0.411 Thread 0x00000282832016a0 1118       3       java.util.ArrayList::grow (60 bytes)
Event: 0.411 Thread 0x0000028283324e00 nmethod 1117 0x00000282e66d9210 code [0x00000282e66d93c0, 0x00000282e66d9528]
Event: 0.411 Thread 0x0000028283326980 nmethod 1114 0x00000282e66d9610 code [0x00000282e66d9800, 0x00000282e66d9f18]
Event: 0.411 Thread 0x00000282832016a0 nmethod 1118 0x00000282e66da110 code [0x00000282e66da320, 0x00000282e66dab18]
Event: 0.415 Thread 0x00000282831f3e90 nmethod 1110 0x00000282ed948b90 code [0x00000282ed948da0, 0x00000282ed94a530]
Event: 0.415 Thread 0x00000282831f3e90 1119       4       java.lang.String::<init> (15 bytes)
Event: 0.415 Thread 0x0000028283cdf5b0 1120       4       java.util.ArrayList::add (25 bytes)
Event: 0.416 Thread 0x00000282831f3e90 nmethod 1119 0x00000282ed94ae10 code [0x00000282ed94af80, 0x00000282ed94b0b8]
Event: 0.416 Thread 0x00000282831f3e90 1121       4       java.lang.String::valueOf (39 bytes)
Event: 0.417 Thread 0x0000028283cdf5b0 nmethod 1120 0x00000282ed94b110 code [0x00000282ed94b2a0, 0x00000282ed94b568]
Event: 0.417 Thread 0x0000028283cdf5b0 1122       4       java.lang.Character::toString (5 bytes)
Event: 0.417 Thread 0x00000282831f3e90 nmethod 1121 0x00000282ed94b710 code [0x00000282ed94b8a0, 0x00000282ed94ba78]
Event: 0.418 Thread 0x0000028283cdf5b0 nmethod 1122 0x00000282ed94bb90 code [0x00000282ed94bd20, 0x00000282ed94bef8]
Event: 245.829 Thread 0x00000282832016a0 1123       3       java.util.ArrayList::isEmpty (13 bytes)
Event: 245.829 Thread 0x00000282832016a0 nmethod 1123 0x00000282e66dae10 code [0x00000282e66dafa0, 0x00000282e66db0f8]

GC Heap History (0 events):
No events

Deoptimization events (20 events):
Event: 0.135 Thread 0x00000282ddb22930 DEOPT PACKING pc=0x00000282ed906cdc sp=0x000000c55aafcb90
Event: 0.135 Thread 0x00000282ddb22930 DEOPT UNPACKING pc=0x00000282e5dae42f sp=0x000000c55aafcb30 mode 2
Event: 0.149 Thread 0x00000282ddb22930 DEOPT PACKING pc=0x00000282e64e6701 sp=0x000000c55aafe1a0
Event: 0.149 Thread 0x00000282ddb22930 DEOPT UNPACKING pc=0x00000282e5dae23f sp=0x000000c55aafd6e0 mode 0
Event: 0.149 Thread 0x00000282ddb22930 DEOPT PACKING pc=0x00000282e64e6701 sp=0x000000c55aafe1a0
Event: 0.149 Thread 0x00000282ddb22930 DEOPT UNPACKING pc=0x00000282e5dae23f sp=0x000000c55aafd6e0 mode 0
Event: 0.164 Thread 0x00000282ddb22930 Uncommon trap: trap_request=0xffffff45 fr.pc=0x00000282ed90eb74 relative=0x00000000000000d4
Event: 0.164 Thread 0x00000282ddb22930 Uncommon trap: reason=unstable_if action=reinterpret pc=0x00000282ed90eb74 method=java.lang.String.isLatin1()Z @ 10 c2
Event: 0.164 Thread 0x00000282ddb22930 DEOPT PACKING pc=0x00000282ed90eb74 sp=0x000000c55aaff0e0
Event: 0.164 Thread 0x00000282ddb22930 DEOPT UNPACKING pc=0x00000282e5dae42f sp=0x000000c55aaff030 mode 2
Event: 0.237 Thread 0x00000282ddb22930 Uncommon trap: trap_request=0xffffff45 fr.pc=0x00000282ed90da80 relative=0x0000000000000ba0
Event: 0.237 Thread 0x00000282ddb22930 Uncommon trap: reason=unstable_if action=reinterpret pc=0x00000282ed90da80 method=java.util.HashMap.putVal(ILjava/lang/Object;Ljava/lang/Object;ZZ)Ljava/lang/Object; @ 181 c2
Event: 0.237 Thread 0x00000282ddb22930 DEOPT PACKING pc=0x00000282ed90da80 sp=0x000000c55aafe530
Event: 0.237 Thread 0x00000282ddb22930 DEOPT UNPACKING pc=0x00000282e5dae42f sp=0x000000c55aafe4e0 mode 2
Event: 0.270 Thread 0x00000282ddb22930 DEOPT PACKING pc=0x00000282e64f1ff3 sp=0x000000c55aaf9e40
Event: 0.270 Thread 0x00000282ddb22930 DEOPT UNPACKING pc=0x00000282e5dae23f sp=0x000000c55aaf92a0 mode 0
Event: 0.340 Thread 0x00000282ddb22930 DEOPT PACKING pc=0x00000282e6506083 sp=0x000000c55aafa2a0
Event: 0.340 Thread 0x00000282ddb22930 DEOPT UNPACKING pc=0x00000282e5dae23f sp=0x000000c55aaf9710 mode 0
Event: 0.355 Thread 0x00000282ddb22930 DEOPT PACKING pc=0x00000282e6506083 sp=0x000000c55aafdf60
Event: 0.355 Thread 0x00000282ddb22930 DEOPT UNPACKING pc=0x00000282e5dae23f sp=0x000000c55aafd3d0 mode 0

Classes unloaded (0 events):
No events

Classes redefined (2 events):
Event: 313.852 Thread 0x000002828294c160 redefined class name=aoc2020.Day11, count=1
Event: 391.746 Thread 0x000002828294c160 redefined class name=aoc2020.Day11, count=2

Internal exceptions (20 events):
Event: 0.265 Thread 0x00000282ddb22930 Exception <a 'java/lang/NoSuchMethodError'{0x000000071069abd8}: 'java.lang.Object java.lang.invoke.DirectMethodHandle$Holder.invokeInterface(java.lang.Object, java.lang.Object)'> (0x000000071069abd8) 
thrown [./open/src/hotspot/share/interpreter/linkResolver.cpp, line 782]
Event: 0.265 Thread 0x00000282ddb22930 Exception <a 'java/lang/IncompatibleClassChangeError'{0x000000071069e328}: Found class java.lang.Object, but interface was expected> (0x000000071069e328) 
thrown [./open/src/hotspot/share/interpreter/linkResolver.cpp, line 848]
Event: 0.269 Thread 0x00000282ddb22930 Exception <a 'java/lang/NoSuchMethodError'{0x00000007106d2078}: 'void java.lang.invoke.DirectMethodHandle$Holder.invokeSpecial(java.lang.Object, java.lang.Object, java.lang.Object, java.lang.Object, java.lang.Object)'> (0x00000007106d2078) 
thrown [./open/src/hotspot/share/interpreter/linkResolver.cpp, line 782]
Event: 0.277 Thread 0x00000282ddb22930 Exception <a 'java/lang/NoSuchMethodError'{0x000000071073bc38}: 'void java.lang.invoke.DirectMethodHandle$Holder.invokeInterface(java.lang.Object, java.lang.Object, java.lang.Object)'> (0x000000071073bc38) 
thrown [./open/src/hotspot/share/interpreter/linkResolver.cpp, line 782]
Event: 0.277 Thread 0x00000282ddb22930 Exception <a 'java/lang/NoSuchMethodError'{0x0000000710749050}: 'void java.lang.invoke.DirectMethodHandle$Holder.invokeStatic(java.lang.Object, java.lang.Object, java.lang.Object, java.lang.Object)'> (0x0000000710749050) 
thrown [./open/src/hotspot/share/interpreter/linkResolver.cpp, line 782]
Event: 0.283 Thread 0x00000282ddb22930 Exception <a 'java/lang/NoSuchMethodError'{0x00000007107a36b8}: 'int java.lang.invoke.DirectMethodHandle$Holder.invokeSpecialIFC(java.lang.Object, java.lang.Object, java.lang.Object, java.lang.Object)'> (0x00000007107a36b8) 
thrown [./open/src/hotspot/share/interpreter/linkResolver.cpp, line 782]
Event: 0.304 Thread 0x00000282ddb22930 Exception <a 'java/lang/NoSuchMethodError'{0x000000071051dd80}: 'java.lang.Object java.lang.invoke.DirectMethodHandle$Holder.newInvokeSpecial(java.lang.Object, java.lang.Object, java.lang.Object, java.lang.Object, java.lang.Object)'> (0x000000071051dd80) 
thrown [./open/src/hotspot/share/interpreter/linkResolver.cpp, line 782]
Event: 0.313 Thread 0x00000282ddb22930 Exception <a 'java/lang/NoSuchMethodError'{0x000000071058c6a0}: 'java.lang.Object java.lang.invoke.DirectMethodHandle$Holder.invokeSpecialIFC(java.lang.Object, java.lang.Object, java.lang.Object, java.lang.Object)'> (0x000000071058c6a0) 
thrown [./open/src/hotspot/share/interpreter/linkResolver.cpp, line 782]
Event: 0.317 Thread 0x00000282ddb22930 Exception <a 'java/lang/NoSuchMethodError'{0x00000007105bdd60}: 'void java.lang.invoke.DirectMethodHandle$Holder.invokeStatic(java.lang.Object, java.lang.Object)'> (0x00000007105bdd60) 
thrown [./open/src/hotspot/share/interpreter/linkResolver.cpp, line 782]
Event: 0.328 Thread 0x00000282ddb22930 Exception <a 'java/lang/NoSuchMethodError'{0x0000000710263690}: 'int java.lang.invoke.DirectMethodHandle$Holder.invokeVirtual(java.lang.Object, java.lang.Object, java.lang.Object)'> (0x0000000710263690) 
thrown [./open/src/hotspot/share/interpreter/linkResolver.cpp, line 782]
Event: 0.329 Thread 0x00000282ddb22930 Exception <a 'java/lang/NoSuchMethodError'{0x00000007102748d0}: 'void java.lang.invoke.DirectMethodHandle$Holder.invokeInterface(java.lang.Object, java.lang.Object)'> (0x00000007102748d0) 
thrown [./open/src/hotspot/share/interpreter/linkResolver.cpp, line 782]
Event: 0.329 Thread 0x00000282ddb22930 Exception <a 'java/lang/IncompatibleClassChangeError'{0x0000000710277d88}: Found class java.lang.Object, but interface was expected> (0x0000000710277d88) 
thrown [./open/src/hotspot/share/interpreter/linkResolver.cpp, line 848]
Event: 0.337 Thread 0x00000282ddb22930 Exception <a 'java/lang/NoSuchMethodError'{0x00000007102f1b98}: 'void java.lang.invoke.DirectMethodHandle$Holder.invokeInterface(java.lang.Object, java.lang.Object, java.lang.Object, java.lang.Object)'> (0x00000007102f1b98) 
thrown [./open/src/hotspot/share/interpreter/linkResolver.cpp, line 782]
Event: 0.337 Thread 0x00000282ddb22930 Exception <a 'java/lang/IncompatibleClassChangeError'{0x00000007102f51f8}: Found class java.lang.Object, but interface was expected> (0x00000007102f51f8) 
thrown [./open/src/hotspot/share/interpreter/linkResolver.cpp, line 848]
Event: 0.339 Thread 0x00000282ddb22930 Exception <a 'java/lang/NoSuchMethodError'{0x0000000710314dd0}: 'java.lang.Object java.lang.invoke.DirectMethodHandle$Holder.invokeVirtual(java.lang.Object, java.lang.Object, java.lang.Object)'> (0x0000000710314dd0) 
thrown [./open/src/hotspot/share/interpreter/linkResolver.cpp, line 782]
Event: 0.350 Thread 0x00000282ddb22930 Exception <a 'java/lang/NoSuchMethodError'{0x00000007103d74f8}: 'java.lang.Object java.lang.invoke.Invokers$Holder.invokeExact_MT(java.lang.Object, java.lang.Object, java.lang.Object, java.lang.Object, java.lang.Object, java.lang.Object)'> (0x00000007103d74f8) 
thrown [./open/src/hotspot/share/interpreter/linkResolver.cpp, line 782]
Event: 0.364 Thread 0x00000282ddb22930 Exception <a 'java/lang/NoSuchMethodError'{0x0000000710085260}: 'int java.lang.invoke.DirectMethodHandle$Holder.invokeStatic(java.lang.Object, java.lang.Object, java.lang.Object, java.lang.Object, java.lang.Object)'> (0x0000000710085260) 
thrown [./open/src/hotspot/share/interpreter/linkResolver.cpp, line 782]
Event: 0.376 Thread 0x00000282ddb22930 Exception <a 'java/lang/NoSuchMethodError'{0x000000071012f3d8}: 'int java.lang.invoke.DirectMethodHandle$Holder.invokeStaticInit(java.lang.Object, java.lang.Object, java.lang.Object)'> (0x000000071012f3d8) 
thrown [./open/src/hotspot/share/interpreter/linkResolver.cpp, line 782]
Event: 0.381 Thread 0x00000282ddb22930 Exception <a 'java/lang/IncompatibleClassChangeError'{0x000000071017c4d8}: Found class java.lang.Object, but interface was expected> (0x000000071017c4d8) 
thrown [./open/src/hotspot/share/interpreter/linkResolver.cpp, line 848]
Event: 0.389 Thread 0x00000282ddb22930 Exception <a 'java/lang/NoSuchMethodError'{0x00000007101e7608}: 'int java.lang.invoke.DirectMethodHandle$Holder.invokeStaticInit(java.lang.Object, java.lang.Object)'> (0x00000007101e7608) 
thrown [./open/src/hotspot/share/interpreter/linkResolver.cpp, line 782]

Events (20 events):
Event: 391.753 Executing VM operation: ChangeBreakpoints
Event: 391.753 Executing VM operation: ChangeBreakpoints done
Event: 391.755 Executing VM operation: ChangeBreakpoints
Event: 391.755 Executing VM operation: ChangeBreakpoints done
Event: 391.756 Executing VM operation: ChangeBreakpoints
Event: 391.756 Executing VM operation: ChangeBreakpoints done
Event: 391.757 Executing VM operation: ChangeBreakpoints
Event: 391.757 Executing VM operation: ChangeBreakpoints done
Event: 391.757 Executing VM operation: ChangeBreakpoints
Event: 391.757 Executing VM operation: ChangeBreakpoints done
Event: 391.758 Executing VM operation: ChangeBreakpoints
Event: 391.758 Executing VM operation: ChangeBreakpoints done
Event: 391.759 Executing VM operation: ChangeBreakpoints
Event: 391.759 Executing VM operation: ChangeBreakpoints done
Event: 391.760 Executing VM operation: GetFrameCount
Event: 391.760 Executing VM operation: GetFrameCount done
Event: 391.760 Executing VM operation: GetStackTrace
Event: 391.760 Executing VM operation: GetStackTrace done
Event: 391.764 Executing VM operation: GetFrameLocation
Event: 391.764 Executing VM operation: GetFrameLocation done


Dynamic libraries:
0x00007ff79f640000 - 0x00007ff79f64d000 	C:\Users\Ludwig\.jdks\openjdk-15.0.2\bin\java.exe
0x00007ffd1aa70000 - 0x00007ffd1ac65000 	C:\Windows\SYSTEM32\ntdll.dll
0x00007ffd1a660000 - 0x00007ffd1a71d000 	C:\Windows\System32\KERNEL32.DLL
0x00007ffd187b0000 - 0x00007ffd18a79000 	C:\Windows\System32\KERNELBASE.dll
0x00007ffd18530000 - 0x00007ffd18630000 	C:\Windows\System32\ucrtbase.dll
0x00007ffd13820000 - 0x00007ffd13838000 	C:\Users\Ludwig\.jdks\openjdk-15.0.2\bin\jli.dll
0x00007ffd13800000 - 0x00007ffd13819000 	C:\Users\Ludwig\.jdks\openjdk-15.0.2\bin\VCRUNTIME140.dll
0x00007ffd1a2e0000 - 0x00007ffd1a480000 	C:\Windows\System32\USER32.dll
0x00007ffd0a620000 - 0x00007ffd0a8ba000 	C:\Windows\WinSxS\amd64_microsoft.windows.common-controls_6595b64144ccf1df_6.0.19041.844_none_ca00b6081b84eb1d\COMCTL32.dll
0x00007ffd18780000 - 0x00007ffd187a2000 	C:\Windows\System32\win32u.dll
0x00007ffd1a720000 - 0x00007ffd1a74a000 	C:\Windows\System32\GDI32.dll
0x00007ffd1a5c0000 - 0x00007ffd1a65e000 	C:\Windows\System32\msvcrt.dll
0x00007ffd182c0000 - 0x00007ffd183cb000 	C:\Windows\System32\gdi32full.dll
0x00007ffd18630000 - 0x00007ffd186cd000 	C:\Windows\System32\msvcp_win.dll
0x00007ffd1a760000 - 0x00007ffd1a790000 	C:\Windows\System32\IMM32.DLL
0x00007ffd137a0000 - 0x00007ffd137ac000 	C:\Users\Ludwig\.jdks\openjdk-15.0.2\bin\vcruntime140_1.dll
0x00007ffd0c170000 - 0x00007ffd0c201000 	C:\Users\Ludwig\.jdks\openjdk-15.0.2\bin\msvcp140.dll
0x00007ffcc6710000 - 0x00007ffcc726e000 	C:\Users\Ludwig\.jdks\openjdk-15.0.2\bin\server\jvm.dll
0x00007ffd193b0000 - 0x00007ffd1945c000 	C:\Windows\System32\ADVAPI32.dll
0x00007ffd18d40000 - 0x00007ffd18ddc000 	C:\Windows\System32\sechost.dll
0x00007ffd18c10000 - 0x00007ffd18d3b000 	C:\Windows\System32\RPCRT4.dll
0x00007ffd1a750000 - 0x00007ffd1a758000 	C:\Windows\System32\PSAPI.DLL
0x00007ffd103d0000 - 0x00007ffd103d9000 	C:\Windows\SYSTEM32\WSOCK32.dll
0x00007ffd11f90000 - 0x00007ffd11f9a000 	C:\Windows\SYSTEM32\VERSION.dll
0x00007ffd1a150000 - 0x00007ffd1a1bb000 	C:\Windows\System32\WS2_32.dll
0x00007ffd0ad10000 - 0x00007ffd0ad37000 	C:\Windows\SYSTEM32\WINMM.dll
0x00007ffd16130000 - 0x00007ffd16142000 	C:\Windows\SYSTEM32\kernel.appcore.dll
0x00007ffd12f90000 - 0x00007ffd12f9a000 	C:\Users\Ludwig\.jdks\openjdk-15.0.2\bin\jimage.dll
0x00007ffd10e00000 - 0x00007ffd10fe4000 	C:\Windows\SYSTEM32\DBGHELP.DLL
0x00007ffd10b90000 - 0x00007ffd10bbc000 	C:\Windows\SYSTEM32\dbgcore.DLL
0x00007ffd18240000 - 0x00007ffd182c0000 	C:\Windows\System32\bcryptPrimitives.dll
0x00007ffd06690000 - 0x00007ffd066c9000 	C:\Users\Ludwig\.jdks\openjdk-15.0.2\bin\jdwp.dll
0x00007ffd12f80000 - 0x00007ffd12f8e000 	C:\Users\Ludwig\.jdks\openjdk-15.0.2\bin\instrument.dll
0x00007ffd0c260000 - 0x00007ffd0c285000 	C:\Users\Ludwig\.jdks\openjdk-15.0.2\bin\java.dll
0x00007ffd19a00000 - 0x00007ffd1a142000 	C:\Windows\System32\SHELL32.dll
0x00007ffd16330000 - 0x00007ffd16ac0000 	C:\Windows\SYSTEM32\windows.storage.dll
0x00007ffd19610000 - 0x00007ffd19965000 	C:\Windows\System32\combase.dll
0x00007ffd17c20000 - 0x00007ffd17c4c000 	C:\Windows\SYSTEM32\Wldp.dll
0x00007ffd1a900000 - 0x00007ffd1a9ae000 	C:\Windows\System32\SHCORE.dll
0x00007ffd1a790000 - 0x00007ffd1a7e5000 	C:\Windows\System32\shlwapi.dll
0x00007ffd180f0000 - 0x00007ffd1810f000 	C:\Windows\SYSTEM32\profapi.dll
0x00007ffd0d360000 - 0x00007ffd0d36b000 	C:\Users\Ludwig\.jdks\openjdk-15.0.2\bin\dt_socket.dll
0x00007ffd17640000 - 0x00007ffd1767b000 	C:\Windows\SYSTEM32\IPHLPAPI.DLL
0x00007ffd179a0000 - 0x00007ffd17a0a000 	C:\Windows\system32\mswsock.dll
0x00007ffd06720000 - 0x00007ffd06738000 	C:\Users\Ludwig\.jdks\openjdk-15.0.2\bin\zip.dll
0x00007ffd0c240000 - 0x00007ffd0c259000 	C:\Users\Ludwig\.jdks\openjdk-15.0.2\bin\net.dll
0x00007ffd13110000 - 0x00007ffd1321c000 	C:\Windows\SYSTEM32\WINHTTP.dll
0x00007ffd0c150000 - 0x00007ffd0c162000 	C:\Users\Ludwig\.jdks\openjdk-15.0.2\bin\nio.dll
0x00007ffd0f7c0000 - 0x00007ffd0f7d0000 	C:\Users\Ludwig\.jdks\openjdk-15.0.2\bin\verify.dll

dbghelp: loaded successfully - version: 4.0.5 - missing functions: none
symbol engine: initialized successfully - sym options: 0x614 - pdb path: .;C:\Users\Ludwig\.jdks\openjdk-15.0.2\bin;C:\Windows\SYSTEM32;C:\Windows\WinSxS\amd64_microsoft.windows.common-controls_6595b64144ccf1df_6.0.19041.844_none_ca00b6081b84eb1d;C:\Users\Ludwig\.jdks\openjdk-15.0.2\bin\server

VM Arguments:
jvm_args: -agentlib:jdwp=transport=dt_socket,address=127.0.0.1:52661,suspend=y,server=n -ea -Didea.test.cyclic.buffer.size=1048576 -javaagent:C:\Users\Ludwig\AppData\Local\JetBrains\IdeaIC2020.3\captureAgent\debugger-agent.jar -Dfile.encoding=UTF-8 
java_command: com.intellij.rt.junit.JUnitStarter -ideVersion5 -junit5 @w@C:\Users\Ludwig\AppData\Local\Temp\idea_working_dirs_junit.tmp @C:\Users\Ludwig\AppData\Local\Temp\idea_junit.tmp
java_class_path (initial): C:\Program Files\JetBrains\IntelliJ IDEA Community Edition 2020.2.1\lib\idea_rt.jar;C:\Users\Ludwig\.m2\repository\org\junit\platform\junit-platform-launcher\1.4.2\junit-platform-launcher-1.4.2.jar;C:\Users\Ludwig\.m2\repository\org\junit\vintage\junit-vintage-engine\5.4.2\junit-vintage-engine-5.4.2.jar;C:\Program Files\JetBrains\IntelliJ IDEA Community Edition 2020.2.1\plugins\junit\lib\junit5-rt.jar;C:\Program Files\JetBrains\IntelliJ IDEA Community Edition 2020.2.1\plugins\junit\lib\junit-rt.jar;C:\Users\Ludwig\Desktop\AdventOfCode\out\test\AdventOfCode;C:\Users\Ludwig\Desktop\AdventOfCode\out\production\AdventOfCode;C:\Users\Ludwig\.m2\repository\org\junit\jupiter\junit-jupiter\5.4.2\junit-jupiter-5.4.2.jar;C:\Users\Ludwig\.m2\repository\org\junit\jupiter\junit-jupiter-api\5.4.2\junit-jupiter-api-5.4.2.jar;C:\Users\Ludwig\.m2\repository\org\apiguardian\apiguardian-api\1.0.0\apiguardian-api-1.0.0.jar;C:\Users\Ludwig\.m2\repository\org\opentest4j\opentest4j\1.1.1\opentest4j-1.1.1.jar;C:\Users\Ludwig\.m2\repository\org\junit\platform\junit-platform-commons\1.4.2\junit-platform-commons-1.4.2.jar;C:\Users\Ludwig\.m2\repository\org\junit\jupiter\junit-jupiter-params\5.4.2\junit-jupiter-params-5.4.2.jar;C:\Users\Ludwig\.m2\repository\org\junit\jupiter\junit-jupiter-engine\5.4.2\junit-jupiter-engine-5.4.2.jar;C:\Users\Ludwig\.m2\repository\org\junit\platform\junit-platform-engine\1.4.2\junit-platform-engine-1.4.2.jar;C:\Users\Ludwig\.m2\repository\junit\junit\4.12\junit-4.12.jar;C:\Users\Ludwig\.m2\repository\org\hamcrest\hamcrest-core\1.3\hamcrest-core-1.3.jar;C:\Users\Ludwig\.m2\repository\org\jetbrains\annotations\20.1.0\annotations-20.1.0.jar
Launcher Type: SUN_STANDARD

[Global flags]
     intx CICompilerCount                          = 12                                        {product} {ergonomic}
     uint ConcGCThreads                            = 5                                         {product} {ergonomic}
     uint G1ConcRefinementThreads                  = 18                                        {product} {ergonomic}
   size_t G1HeapRegionSize                         = 2097152                                   {product} {ergonomic}
    uintx GCDrainStackTargetSize                   = 64                                        {product} {ergonomic}
   size_t InitialHeapSize                          = 268435456                                 {product} {ergonomic}
   size_t MarkStackSize                            = 4194304                                   {product} {ergonomic}
   size_t MaxHeapSize                              = 4278190080                                {product} {ergonomic}
   size_t MaxNewSize                               = 2566914048                                {product} {ergonomic}
   size_t MinHeapDeltaBytes                        = 2097152                                   {product} {ergonomic}
   size_t MinHeapSize                              = 8388608                                   {product} {ergonomic}
    uintx NonNMethodCodeHeapSize                   = 7602480                                {pd product} {ergonomic}
    uintx NonProfiledCodeHeapSize                  = 122027880                              {pd product} {ergonomic}
    uintx ProfiledCodeHeapSize                     = 122027880                              {pd product} {ergonomic}
    uintx ReservedCodeCacheSize                    = 251658240                              {pd product} {ergonomic}
     bool SegmentedCodeCache                       = true                                      {product} {ergonomic}
   size_t SoftMaxHeapSize                          = 4278190080                             {manageable} {ergonomic}
     bool UseCompressedClassPointers               = true                                 {lp64_product} {ergonomic}
     bool UseCompressedOops                        = true                                 {lp64_product} {ergonomic}
     bool UseG1GC                                  = true                                      {product} {ergonomic}
     bool UseLargePagesIndividualAllocation        = false                                  {pd product} {ergonomic}

Logging:
Log output configuration:
 #0: stdout all=warning uptime,level,tags
 #1: stderr all=off uptime,level,tags

Environment Variables:
PATH=C:\Program Files (x86)\Common Files\Oracle\Java\javapath;C:\Python38\Scripts\;C:\Python38\;C:\Windows\system32;C:\Windows;C:\Windows\System32\Wbem;C:\Windows\System32\WindowsPowerShell\v1.0\;C:\Windows\System32\OpenSSH\;C:\Program Files (x86)\NVIDIA Corporation\PhysX\Common;C:\Program Files\NVIDIA Corporation\NVIDIA NvDLISR;C:\Program Files\nodejs\;C:\ProgramData\chocolatey\bin;C:\Program Files\Git\cmd;C:\Users\Ludwig\Desktop\platform-tools;C:\Program Files\dotnet\;C:\Users\Ludwig\AppData\Local\Programs\Python\Python37\Scripts\;C:\Users\Ludwig\AppData\Local\Programs\Python\Python37\;C:\Users\Ludwig\AppData\Local\Microsoft\WindowsApps;C:\Users\Ludwig\AppData\Local\Programs\Microsoft VS Code\bin;C:\Users\Ludwig\AppData\Roaming\npm;C:\Program Files\JetBrains\IntelliJ IDEA Community Edition 2020.2.1\bin;;C:\Program Files\JetBrains\JetBrains Rider 2020.2.4\bin;;C:\Users\Ludwig\AppData\Roaming\Python\Python38\Scripts;;%PyCharm%;C:\Program Files\JetBrains\PyCharm Community Edition 2020.3.2\bin;
USERNAME=Ludwig
OS=Windows_NT
PROCESSOR_IDENTIFIER=AMD64 Family 23 Model 113 Stepping 0, AuthenticAMD



---------------  S Y S T E M  ---------------

OS:
 Windows 10 , 64 bit Build 19041 (10.0.19041.804)
OS uptime: 0 days 4:22 hours

CPU: total 24 (initial active 24) (24 cores per cpu, 2 threads per core) family 23 model 113 stepping 0 microcode 0x0, cmov, cx8, fxsr, mmx, sse, sse2, sse3, ssse3, sse4.1, sse4.2, popcnt, vzeroupper, avx, avx2, aes, clmul, 3dnowpref, lzcnt, sse4a, ht, tsc, tscinvbit, tscinv, bmi1, bmi2, adx, sha, fma, clflush, clflushopt

Memory: 4k page, system-wide physical 16313M (9771M free)
TotalPageFile size 21177M (AvailPageFile size 11353M)
current process WorkingSet (physical memory assigned to process): 59M, peak: 65M
current process commit charge ("private bytes"): 375M, peak: 380M

vm_info: OpenJDK 64-Bit Server VM (15.0.2+7-27) for windows-amd64 JRE (15.0.2+7-27), built on Dec  7 2020 20:02:38 by "mach5one" with unknown MS VC++:1925

END.
